[ 2024-11-09 17:40:16,145 ] - 25 root - INFO - Entered the initiate_data_ingestion method
[ 2024-11-09 17:40:16,213 ] - 38 root - INFO - Successfully ran the initiate_data_ingestion method
Artifacts saved to: C:\Users\Marina\Desktop\ML Operations\0 - KrishNaik Course\20__end_to_end_ds_project_implementation_multiple_aws_azure_deployment\my_project\artifacts\train.csv 
C:\Users\Marina\Desktop\ML Operations\0 - KrishNaik Course\20__end_to_end_ds_project_implementation_multiple_aws_azure_deployment\my_project\artifacts\test.csv
[ 2024-11-09 17:40:16,214 ] - 33 root - INFO - Entered the get_preprocessor_artifact method
[ 2024-11-09 17:40:16,214 ] - 44 root - INFO - Numerical Columns to preprocess: ['writing_score', 'reading_score']
Categorical Columns to preprocess: ['gender', 'race_ethnicity', 'parental_level_of_education', 'lunch', 'test_preparation_course']
[ 2024-11-09 17:40:16,220 ] - 68 root - INFO - Saved the preprocessor artifact to:
c:\users\marina\desktop\ml operations\0 - krishnaik course\20__end_to_end_ds_project_implementation_multiple_aws_azure_deployment\my_project\artifacts\preprocessor.pkl
[ 2024-11-09 17:40:16,220 ] - 69 root - INFO - Sucessfully ran the get_preprocessor_artifact method
[ 2024-11-09 17:40:16,220 ] - 80 root - INFO - Entered the initiate_data_transformation method
[ 2024-11-09 17:40:16,239 ] - 84 root - INFO - Successfully Loaded the preprocessor artifact
[ 2024-11-09 17:40:16,240 ] - 86 root - INFO - Splitting the target from the features
[ 2024-11-09 17:40:16,248 ] - 94 root - INFO - Succesfully splitted the the target from the features
[ 2024-11-09 17:40:16,248 ] - 96 root - INFO - Training the preprocessor
[ 2024-11-09 17:40:16,306 ] - 99 root - INFO - Saved the trained_preprocessor artifact to:
c:\users\marina\desktop\ml operations\0 - krishnaik course\20__end_to_end_ds_project_implementation_multiple_aws_azure_deployment\my_project\artifacts\trained_preprocessor.pkl
[ 2024-11-09 17:40:16,306 ] - 101 root - INFO - Starting Train_Data Preprocessing
[ 2024-11-09 17:40:16,320 ] - 103 root - INFO - Successfully Ran rain_Data Preprocessing
[ 2024-11-09 17:40:16,320 ] - 105 root - INFO - Starting Test Data_Preprocessing
[ 2024-11-09 17:40:16,331 ] - 107 root - INFO - Successfully Ran Test_Data Preprocessing
[ 2024-11-09 17:40:16,331 ] - 109 root - INFO - Saving files resulting numpy arrays to artifact folder
[ 2024-11-09 17:40:16,340 ] - 115 root - INFO - Saved the files to:
c:\users\marina\desktop\ml operations\0 - krishnaik course\20__end_to_end_ds_project_implementation_multiple_aws_azure_deployment\my_project\artifacts\transformed_X_train.npy
c:\users\marina\desktop\ml operations\0 - krishnaik course\20__end_to_end_ds_project_implementation_multiple_aws_azure_deployment\my_project\artifacts\transformed_X_test.npy
c:\users\marina\desktop\ml operations\0 - krishnaik course\20__end_to_end_ds_project_implementation_multiple_aws_azure_deployment\my_project\artifacts\y_train.npy
c:\users\marina\desktop\ml operations\0 - krishnaik course\20__end_to_end_ds_project_implementation_multiple_aws_azure_deployment\my_project\artifacts\y_test.npy
[ 2024-11-09 17:40:16,340 ] - 116 root - INFO - Sucessfully ran the initiate_data_transformation method
[ 2024-11-09 17:40:16,340 ] - 51 root - INFO - Entered the intiate_model_trainer_regression method
[ 2024-11-09 17:40:16,340 ] - 54 root - INFO - Starting the model training method
[ 2024-11-09 17:40:16,341 ] - 56 root - INFO - Model_training_results:
[ 2024-11-09 17:40:30,922 ] - 62 root - INFO - Trained: CatBoostRegressor | Index: 0
[ 2024-11-09 17:40:30,948 ] - 68 root - INFO - r2_score: 0.9627555675709323
[ 2024-11-09 17:40:31,294 ] - 62 root - INFO - Trained: AdaBoostRegressor | Index: 1
[ 2024-11-09 17:40:31,335 ] - 68 root - INFO - r2_score: 0.8495699574011033
[ 2024-11-09 17:40:31,629 ] - 62 root - INFO - Trained: GradientBoostingRegressor | Index: 2
[ 2024-11-09 17:40:31,636 ] - 68 root - INFO - r2_score: 0.9104508306509578
[ 2024-11-09 17:40:32,579 ] - 62 root - INFO - Trained: RandomForestRegressor | Index: 3
[ 2024-11-09 17:40:32,621 ] - 68 root - INFO - r2_score: 0.9760438913699425
[ 2024-11-09 17:40:32,644 ] - 62 root - INFO - Trained: LinearRegression | Index: 4
[ 2024-11-09 17:40:32,648 ] - 68 root - INFO - r2_score: 0.8736197767482167
[ 2024-11-09 17:40:32,649 ] - 62 root - INFO - Trained: KNeighborsRegressor | Index: 5
[ 2024-11-09 17:40:33,705 ] - 68 root - INFO - r2_score: 0.6844454776137227
[ 2024-11-09 17:40:33,721 ] - 62 root - INFO - Trained: DecisionTreeRegressor | Index: 6
[ 2024-11-09 17:40:33,727 ] - 68 root - INFO - r2_score: 0.9997039557074014
[ 2024-11-09 17:40:34,817 ] - 62 root - INFO - Trained: XGBRegressor | Index: 7
[ 2024-11-09 17:40:34,825 ] - 68 root - INFO - r2_score: 0.9973359107971191
[ 2024-11-09 17:40:34,825 ] - 70 root - INFO - Sucessfully  ran the intiate_model_trainer_regression method
Check the logs to see the models performance
