[ 2024-11-08 23:01:30,101 ] - 23 root - INFO - Entered the initiate_data_ingestion method
[ 2024-11-08 23:01:30,145 ] - 36 root - INFO - Successfully ran the initiate_data_ingestion method
Artifacts saved to: C:\Users\Marina\Desktop\ML Operations\0 - KrishNaik Course\20__end_to_end_ds_project_implementation_multiple_aws_azure_deployment\my_project\artifacts\train.csv 
C:\Users\Marina\Desktop\ML Operations\0 - KrishNaik Course\20__end_to_end_ds_project_implementation_multiple_aws_azure_deployment\my_project\artifacts\test.csv
[ 2024-11-08 23:01:30,145 ] - 31 root - INFO - Entered the get_preprocessor_artifact method
[ 2024-11-08 23:01:30,146 ] - 42 root - INFO - Numerical Columns to preprocess: ['writing_score', 'reading_score']
Categorical Columns to preprocess: ['gender', 'race_ethnicity', 'parental_level_of_education', 'lunch', 'test_preparation_course']
[ 2024-11-08 23:01:30,149 ] - 66 root - INFO - Saved the preprocessor artifact to:
c:\users\marina\desktop\ml operations\0 - krishnaik course\20__end_to_end_ds_project_implementation_multiple_aws_azure_deployment\my_project\artifacts\preprocessor.pkl
[ 2024-11-08 23:01:30,149 ] - 67 root - INFO - Sucessfully ran the get_preprocessor_artifact method
[ 2024-11-08 23:01:30,150 ] - 78 root - INFO - Entered the initiate_data_transformation method
[ 2024-11-08 23:01:30,166 ] - 82 root - INFO - Successfully Loaded the preprocessor artifact
Initiating Preprocessing
[ 2024-11-08 23:01:30,166 ] - 84 root - INFO - Starting Train Data Preprocessing
[ 2024-11-08 23:01:30,208 ] - 86 root - INFO - Successfullt Ran Train Data Preprocessing
[ 2024-11-08 23:01:30,208 ] - 88 root - INFO - Starting Test Data Preprocessing
[ 2024-11-08 23:01:30,231 ] - 90 root - INFO - Successfullt Ran Test Data Preprocessing
[ 2024-11-08 23:01:30,232 ] - 92 root - INFO - Saving files resulting numpy arrays to artifact folder
[ 2024-11-08 23:01:30,236 ] - 96 root - INFO - Saved the files to:
c:\users\marina\desktop\ml operations\0 - krishnaik course\20__end_to_end_ds_project_implementation_multiple_aws_azure_deployment\my_project\artifacts\transformed_train.npy
c:\users\marina\desktop\ml operations\0 - krishnaik course\20__end_to_end_ds_project_implementation_multiple_aws_azure_deployment\my_project\artifacts\transformed_test.npy
[ 2024-11-08 23:01:30,236 ] - 97 root - INFO - Sucessfully ran the initiate_data_transformation method
