[ 2024-11-08 22:59:40,555 ] - 23 root - INFO - Entered the initiate_data_ingestion method
[ 2024-11-08 22:59:40,571 ] - 36 root - INFO - Successfully ran the initiate_data_ingestion method
Artifacts saved to: C:\Users\Marina\Desktop\ML Operations\0 - KrishNaik Course\20__end_to_end_ds_project_implementation_multiple_aws_azure_deployment\my_project\artifacts\train.csv 
C:\Users\Marina\Desktop\ML Operations\0 - KrishNaik Course\20__end_to_end_ds_project_implementation_multiple_aws_azure_deployment\my_project\artifacts\test.csv
[ 2024-11-08 22:59:40,571 ] - 31 root - INFO - Entered the get_preprocessor_artifact method
[ 2024-11-08 22:59:40,571 ] - 42 root - INFO - Numerical Columns to preprocess: ['writing_score', 'reading_score']
Categorical Columns to preprocess: ['gender', 'race_ethnicity', 'parental_level_of_education', 'lunch', 'test_preparation_course']
[ 2024-11-08 22:59:40,574 ] - 66 root - INFO - Saved the preprocessor artifact to:
c:\users\marina\desktop\ml operations\0 - krishnaik course\20__end_to_end_ds_project_implementation_multiple_aws_azure_deployment\my_project\artifacts\preprocessor.pkl
[ 2024-11-08 22:59:40,574 ] - 67 root - INFO - Sucessfully ran the get_preprocessor_artifact method
[ 2024-11-08 22:59:40,574 ] - 80 root - INFO - Entered the initiate_data_transformation method
[ 2024-11-08 22:59:40,586 ] - 84 root - INFO - Successfully Loaded the preprocessor artifact
Initiating Preprocessing
[ 2024-11-08 22:59:40,586 ] - 86 root - INFO - Starting Train Data Preprocessing
[ 2024-11-08 22:59:40,614 ] - 105 root - ERROR - Cannot center sparse matrices: pass `with_mean=False` instead. See docstring for motivation and alternatives.
Traceback (most recent call last):
  File "c:\users\marina\desktop\ml operations\0 - krishnaik course\20__end_to_end_ds_project_implementation_multiple_aws_azure_deployment\my_project\src\components\data_transformation.py", line 87, in initiate_data_transformation
    transformed_train = preprocessor.fit_transform(train)
  File "C:\Users\Marina\.conda\envs\ml_project\lib\site-packages\sklearn\utils\_set_output.py", line 316, in wrapped
    data_to_wrap = f(self, X, *args, **kwargs)
  File "C:\Users\Marina\.conda\envs\ml_project\lib\site-packages\sklearn\base.py", line 1473, in wrapper
    return fit_method(estimator, *args, **kwargs)
  File "C:\Users\Marina\.conda\envs\ml_project\lib\site-packages\sklearn\compose\_column_transformer.py", line 976, in fit_transform
    result = self._call_func_on_transformers(
  File "C:\Users\Marina\.conda\envs\ml_project\lib\site-packages\sklearn\compose\_column_transformer.py", line 885, in _call_func_on_transformers
    return Parallel(n_jobs=self.n_jobs)(jobs)
  File "C:\Users\Marina\.conda\envs\ml_project\lib\site-packages\sklearn\utils\parallel.py", line 74, in __call__
    return super().__call__(iterable_with_config)
  File "C:\Users\Marina\.conda\envs\ml_project\lib\site-packages\joblib\parallel.py", line 1918, in __call__
    return output if self.return_generator else list(output)
  File "C:\Users\Marina\.conda\envs\ml_project\lib\site-packages\joblib\parallel.py", line 1847, in _get_sequential_output
    res = func(*args, **kwargs)
  File "C:\Users\Marina\.conda\envs\ml_project\lib\site-packages\sklearn\utils\parallel.py", line 136, in __call__
    return self.function(*args, **kwargs)
  File "C:\Users\Marina\.conda\envs\ml_project\lib\site-packages\sklearn\pipeline.py", line 1310, in _fit_transform_one
    res = transformer.fit_transform(X, y, **params.get("fit_transform", {}))
  File "C:\Users\Marina\.conda\envs\ml_project\lib\site-packages\sklearn\base.py", line 1473, in wrapper
    return fit_method(estimator, *args, **kwargs)
  File "C:\Users\Marina\.conda\envs\ml_project\lib\site-packages\sklearn\pipeline.py", line 541, in fit_transform
    return last_step.fit_transform(
  File "C:\Users\Marina\.conda\envs\ml_project\lib\site-packages\sklearn\utils\_set_output.py", line 316, in wrapped
    data_to_wrap = f(self, X, *args, **kwargs)
  File "C:\Users\Marina\.conda\envs\ml_project\lib\site-packages\sklearn\base.py", line 1098, in fit_transform
    return self.fit(X, **fit_params).transform(X)
  File "C:\Users\Marina\.conda\envs\ml_project\lib\site-packages\sklearn\preprocessing\_data.py", line 878, in fit
    return self.partial_fit(X, y, sample_weight)
  File "C:\Users\Marina\.conda\envs\ml_project\lib\site-packages\sklearn\base.py", line 1473, in wrapper
    return fit_method(estimator, *args, **kwargs)
  File "C:\Users\Marina\.conda\envs\ml_project\lib\site-packages\sklearn\preprocessing\_data.py", line 942, in partial_fit
    raise ValueError(
ValueError: Cannot center sparse matrices: pass `with_mean=False` instead. See docstring for motivation and alternatives.
